[main 76fd44d] Automated commit - changes detected
 1 file changed, 0 insertions(+), 0 deletions(-)
 create mode 100644 nohup.out
To github.com:ashifraees99/ashifraees99.git
   1eec183..76fd44d  main -> main
Setting up watches.  Beware: since -r was given, this may take a while!
Watches established.
[main 4db67e7] Automated commit - changes detected
 1 file changed, 7 insertions(+)
To github.com:ashifraees99/ashifraees99.git
   76fd44d..4db67e7  main -> main
[main 5abc5ff] Automated commit - changes detected
 1 file changed, 4 insertions(+)
To github.com:ashifraees99/ashifraees99.git
   4db67e7..5abc5ff  main -> main
[main 3be6d2b] Automated commit - changes detected
 1 file changed, 4 insertions(+)
To github.com:ashifraees99/ashifraees99.git
   5abc5ff..3be6d2b  main -> main
[main 9ac3b20] Automated commit - changes detected
 1 file changed, 4 insertions(+)
To github.com:ashifraees99/ashifraees99.git
   3be6d2b..9ac3b20  main -> main
[main 6b5228e] Automated commit - changes detected
 1 file changed, 4 insertions(+)
To github.com:ashifraees99/ashifraees99.git
   9ac3b20..6b5228e  main -> main
[main e8a759e] Automated commit - changes detected
 1 file changed, 4 insertions(+)
To github.com:ashifraees99/ashifraees99.git
   6b5228e..e8a759e  main -> main
[main d1b5b3e] Automated commit - changes detected
 1 file changed, 4 insertions(+)
To github.com:ashifraees99/ashifraees99.git
   e8a759e..d1b5b3e  main -> main
[main 3d503b3] Automated commit - changes detected
 1 file changed, 4 insertions(+)
To github.com:ashifraees99/ashifraees99.git
   d1b5b3e..3d503b3  main -> main
[main ed49c52] Automated commit - changes detected
 1 file changed, 4 insertions(+)
To github.com:ashifraees99/ashifraees99.git
   3d503b3..ed49c52  main -> main
[main 0176124] Automated commit - changes detected
 1 file changed, 4 insertions(+)
To github.com:ashifraees99/ashifraees99.git
   ed49c52..0176124  main -> main
[main aa3a943] Automated commit - changes detected
 1 file changed, 4 insertions(+)
To github.com:ashifraees99/ashifraees99.git
   0176124..aa3a943  main -> main
